C:\USERS\JOSH\DESKTOP\KB INTERCEPT\SIMPLEINTERCEPT\DEBUG\SIMPLEINTERCEPT.EXE
C:\Users\Josh\Desktop\KB Intercept\SimpleIntercept\Debug\SimpleIntercept.exp
C:\USERS\JOSH\DESKTOP\KB INTERCEPT\SIMPLEINTERCEPT\DEBUG\SIMPLEINTERCEPT.ILK
C:\Users\Josh\Desktop\KB Intercept\SimpleIntercept\Debug\SimpleIntercept.lib
C:\USERS\JOSH\DESKTOP\KB INTERCEPT\SIMPLEINTERCEPT\DEBUG\SIMPLEINTERCEPT.PDB
C:\USERS\JOSH\DESKTOP\KB INTERCEPT\SIMPLEINTERCEPT\SIMPLEINTERCEPT\DEBUG\INTERCEPTION.OBJ
C:\USERS\JOSH\DESKTOP\KB INTERCEPT\SIMPLEINTERCEPT\SIMPLEINTERCEPT\DEBUG\MAIN.OBJ
C:\USERS\JOSH\DESKTOP\KB INTERCEPT\SIMPLEINTERCEPT\SIMPLEINTERCEPT\DEBUG\SIMPLEINTERCEPT.EXE.INTERMEDIATE.MANIFEST
C:\USERS\JOSH\DESKTOP\KB INTERCEPT\SIMPLEINTERCEPT\SIMPLEINTERCEPT\DEBUG\UTILS.OBJ
C:\USERS\JOSH\DESKTOP\KB INTERCEPT\SIMPLEINTERCEPT\SIMPLEINTERCEPT\DEBUG\VC100.PDB
C:\USERS\JOSH\DOCUMENTS\GITHUB\INTERCEPTION-CS\DEBUG\SIMPLEINTERCEPT.EXE
C:\Users\Josh\Documents\GitHub\interception-cs\Debug\SimpleIntercept.exp
C:\USERS\JOSH\DOCUMENTS\GITHUB\INTERCEPTION-CS\DEBUG\SIMPLEINTERCEPT.ILK
C:\Users\Josh\Documents\GitHub\interception-cs\Debug\SimpleIntercept.lib
C:\USERS\JOSH\DOCUMENTS\GITHUB\INTERCEPTION-CS\DEBUG\SIMPLEINTERCEPT.PDB
C:\Users\Josh\Documents\GitHub\interception-cs\SimpleIntercept\Debug\cl.command.1.tlog
C:\Users\Josh\Documents\GitHub\interception-cs\SimpleIntercept\Debug\CL.read.1.tlog
C:\Users\Josh\Documents\GitHub\interception-cs\SimpleIntercept\Debug\CL.write.1.tlog
C:\USERS\JOSH\DOCUMENTS\GITHUB\INTERCEPTION-CS\SIMPLEINTERCEPT\DEBUG\INTERCEPTION.OBJ
C:\Users\Josh\Documents\GitHub\interception-cs\SimpleIntercept\Debug\link.command.1.tlog
C:\Users\Josh\Documents\GitHub\interception-cs\SimpleIntercept\Debug\link.read.1.tlog
C:\Users\Josh\Documents\GitHub\interception-cs\SimpleIntercept\Debug\link.write.1.tlog
C:\USERS\JOSH\DOCUMENTS\GITHUB\INTERCEPTION-CS\SIMPLEINTERCEPT\DEBUG\MAIN.OBJ
C:\Users\Josh\Documents\GitHub\interception-cs\SimpleIntercept\Debug\mt.command.1.tlog
C:\Users\Josh\Documents\GitHub\interception-cs\SimpleIntercept\Debug\mt.read.1.tlog
C:\Users\Josh\Documents\GitHub\interception-cs\SimpleIntercept\Debug\mt.write.1.tlog
C:\USERS\JOSH\DOCUMENTS\GITHUB\INTERCEPTION-CS\SIMPLEINTERCEPT\DEBUG\SIMPLEINTERCEPT.EXE.INTERMEDIATE.MANIFEST
C:\Users\Josh\Documents\GitHub\interception-cs\SimpleIntercept\Debug\SimpleIntercept.vcxprojResolveAssemblyReference.cache
C:\Users\Josh\Documents\GitHub\interception-cs\SimpleIntercept\Debug\SimpleIntercept.write.1.tlog
C:\USERS\JOSH\DOCUMENTS\GITHUB\INTERCEPTION-CS\SIMPLEINTERCEPT\DEBUG\UTILS.OBJ
C:\Users\Josh\Documents\GitHub\interception-cs\SimpleIntercept\Debug\vc100.idb
C:\USERS\JOSH\DOCUMENTS\GITHUB\INTERCEPTION-CS\SIMPLEINTERCEPT\DEBUG\VC100.PDB
